生成启动时间为 2018/5/9 13:50:44。
     1>项目“E:\Learn\RaspberryPi\OpenMAX\src_Omax\src_Omax\src_Omax.vcxproj”在节点 2 上(Build 个目标)。
     1>ClCompile:
         C:\Program Files (x86)\Microsoft Visual Studio 12.0\VC\bin\CL.exe /c /ZI /nologo /W3 /WX- /sdl /Od /Oy- /D WIN32 /D _DEBUG /D _CONSOLE /D _LIB /D _UNICODE /D UNICODE /Gm /EHsc /RTC1 /MDd /GS /fp:precise /Zc:wchar_t /Zc:forScope /Fo"Debug\\" /Fd"Debug\vc120.pdb" /Gd /TC /analyze- /errorReport:prompt ..\..\src\get_all_port_information.c ..\..\src\get_audio_port_info.c ..\..\src\get_a_list_of_components.c ..\..\src\get_component_port_info.c ..\..\src\il_decode_image.c ..\..\src\OMX_Common.c
         OMX_Common.c
     1>c:\program files (x86)\microsoft visual studio 12.0\vc\include\il\omx_core.h(45): fatal error C1021: 无效的预处理器命令“warning”
         il_decode_image.c
     1>c:\program files (x86)\microsoft visual studio 12.0\vc\include\il\omx_core.h(45): fatal error C1021: 无效的预处理器命令“warning”
         get_component_port_info.c
     1>c:\program files (x86)\microsoft visual studio 12.0\vc\include\il\omx_core.h(45): fatal error C1021: 无效的预处理器命令“warning”
         get_a_list_of_components.c
     1>c:\program files (x86)\microsoft visual studio 12.0\vc\include\il\omx_core.h(45): fatal error C1021: 无效的预处理器命令“warning”
         get_audio_port_info.c
     1>c:\program files (x86)\microsoft visual studio 12.0\vc\include\il\omx_core.h(45): fatal error C1021: 无效的预处理器命令“warning”
         get_all_port_information.c
     1>e:\learn\raspberrypi\openmax\src\get_all_port_information.c(5): fatal error C1083: 无法打开包括文件: “pthread.h”: No such file or directory
         正在生成代码...
     1>已完成生成项目“E:\Learn\RaspberryPi\OpenMAX\src_Omax\src_Omax\src_Omax.vcxproj”(Build 个目标)的操作 - 失败。

生成失败。

已用时间 00:00:01.82
